<?xml version="1.0" encoding="UTF-8"?>
<!-- Generated by org.testng.reporters.JUnitXMLReporter -->
<testsuite ignored="2" hostname="DESKTOP-JD3KIL9" failures="0" tests="3" name="Test" time="109.184" errors="0" timestamp="2023-04-03T11:54:54 IST">
  <testcase classname="testNGExecution.TestngClass3" name="search3" time="5.782"/>
  <testcase classname="testNGExecution.TestngClass2" name="search2" time="9.876"/>
  <testcase classname="testNGExecution.TestngClass1" name="search1" time="11.243"/>
  <testcase classname="testNGExecution.BaseTest" name="@BeforeTest property" time="0.0">
    <ignored/>
  </testcase> <!-- @BeforeTest property -->
  <testcase classname="testNGExecution.BaseTest" name="@BeforeTest property" time="0.0">
    <ignored/>
  </testcase> <!-- @BeforeTest property -->
</testsuite> <!-- Test -->
